<?xml version="1.0" encoding="UTF-8"?>
<!-- Generated by org.testng.reporters.JUnitXMLReporter -->
<testsuite hostname="aakumar-ltm" name="Command line test" tests="4" failures="0" timestamp="26 Oct 2017 18:33:57 GMT" time="128.455" errors="0">
  <testcase name="loginTest_fail" time="12.835" classname="TestCaseWeather.LoginTest"/>
  <testcase name="loginTest_pass" time="21.849" classname="TestCaseWeather.LoginTest"/>
  <testcase name="testProductDescription" time="31.613" classname="TestCaseWeather.ProductDescriptionTest"/>
  <testcase name="ProductSearch" time="24.947" classname="TestCaseWeather.ProductSearchTest"/>
</testsuite> <!-- Command line test -->
