<?xml version="1.0" encoding="UTF-8"?>
<testng-results skipped="0" failed="0" total="4" passed="4">
  <reporter-output>
  </reporter-output>
  <suite name="Command line suite" duration-ms="128455" started-at="2017-10-26T18:31:48Z" finished-at="2017-10-26T18:33:57Z">
    <groups>
    </groups>
    <test name="Command line test" duration-ms="128455" started-at="2017-10-26T18:31:48Z" finished-at="2017-10-26T18:33:57Z">
      <class name="TestCaseWeather.ProductSearchTest">
        <test-method status="PASS" signature="setup()[pri:0, instance:TestCaseWeather.ProductSearchTest@174d20a]" name="setup" is-config="true" duration-ms="11950" started-at="2017-10-27T00:03:18Z" finished-at="2017-10-27T00:03:29Z">
          <reporter-output>
          </reporter-output>
        </test-method> <!-- setup -->
        <test-method status="PASS" signature="ProductSearch()[pri:0, instance:TestCaseWeather.ProductSearchTest@174d20a]" name="ProductSearch" duration-ms="24947" started-at="2017-10-27T00:03:29Z" finished-at="2017-10-27T00:03:54Z">
          <reporter-output>
          </reporter-output>
        </test-method> <!-- ProductSearch -->
        <test-method status="PASS" signature="tearDown()[pri:0, instance:TestCaseWeather.ProductSearchTest@174d20a]" name="tearDown" is-config="true" duration-ms="2291" started-at="2017-10-27T00:03:54Z" finished-at="2017-10-27T00:03:57Z">
          <reporter-output>
          </reporter-output>
        </test-method> <!-- tearDown -->
      </class> <!-- TestCaseWeather.ProductSearchTest -->
      <class name="TestCaseWeather.LoginTest">
        <test-method status="PASS" signature="setup()[pri:0, instance:TestCaseWeather.LoginTest@32d992b2]" name="setup" is-config="true" duration-ms="13621" started-at="2017-10-27T00:01:48Z" finished-at="2017-10-27T00:02:02Z">
          <reporter-output>
          </reporter-output>
        </test-method> <!-- setup -->
        <test-method status="PASS" signature="loginTest_fail()[pri:0, instance:TestCaseWeather.LoginTest@32d992b2]" name="loginTest_fail" duration-ms="12835" started-at="2017-10-27T00:02:02Z" finished-at="2017-10-27T00:02:15Z">
          <reporter-output>
          </reporter-output>
        </test-method> <!-- loginTest_fail -->
        <test-method status="PASS" signature="loginTest_pass()[pri:0, instance:TestCaseWeather.LoginTest@32d992b2]" name="loginTest_pass" duration-ms="21849" started-at="2017-10-27T00:02:15Z" finished-at="2017-10-27T00:02:37Z">
          <reporter-output>
          </reporter-output>
        </test-method> <!-- loginTest_pass -->
        <test-method status="PASS" signature="tearDown()[pri:0, instance:TestCaseWeather.LoginTest@32d992b2]" name="tearDown" is-config="true" duration-ms="1608" started-at="2017-10-27T00:02:37Z" finished-at="2017-10-27T00:02:38Z">
          <reporter-output>
          </reporter-output>
        </test-method> <!-- tearDown -->
      </class> <!-- TestCaseWeather.LoginTest -->
      <class name="TestCaseWeather.ProductDescriptionTest">
        <test-method status="PASS" signature="setup()[pri:0, instance:TestCaseWeather.ProductDescriptionTest@1810399e]" name="setup" is-config="true" duration-ms="7693" started-at="2017-10-27T00:02:38Z" finished-at="2017-10-27T00:02:46Z">
          <reporter-output>
          </reporter-output>
        </test-method> <!-- setup -->
        <test-method status="PASS" signature="testProductDescription()[pri:0, instance:TestCaseWeather.ProductDescriptionTest@1810399e]" name="testProductDescription" duration-ms="31613" started-at="2017-10-27T00:02:46Z" finished-at="2017-10-27T00:03:18Z">
          <reporter-output>
          </reporter-output>
        </test-method> <!-- testProductDescription -->
      </class> <!-- TestCaseWeather.ProductDescriptionTest -->
    </test> <!-- Command line test -->
  </suite> <!-- Command line suite -->
</testng-results>
